<?xml version="1.0" encoding="UTF-8"?>
<!-- Generated by org.testng.reporters.JUnitReportReporter -->
<testsuite hostname="Abhishek_reddy" failures="0" tests="2" name="pack.Lab11_1" time="18.419" errors="0" timestamp="2025-08-20T11:21:04 IST" skipped="0">
  <testcase classname="pack.Lab11_1" name="f" time="10.304"/>
  <testcase classname="pack.Lab11_1" name="f" time="8.115"/>
</testsuite> <!-- pack.Lab11_1 -->
