<?xml version="1.0" encoding="UTF-8"?>
<!-- Generated by org.testng.reporters.JUnitReportReporter -->
<testsuite hostname="Abhishek_reddy" failures="0" tests="3" name="pack.TC0014_TestNG" time="56.756" errors="0" timestamp="2025-08-19T10:26:17 IST" skipped="0">
  <testcase classname="pack.TC0014_TestNG" name="f" time="39.148"/>
  <testcase classname="pack.TC0014_TestNG" name="f" time="5.013"/>
  <testcase classname="pack.TC0014_TestNG" name="f" time="12.595"/>
</testsuite> <!-- pack.TC0014_TestNG -->
