<?xml version="1.0" encoding="UTF-8"?>
<!-- Generated by org.testng.reporters.JUnitReportReporter -->
<testsuite hostname="Abhishek_reddy" failures="0" tests="3" name="pack.TC0013_TestNG" time="22.727" errors="0" timestamp="2025-08-19T09:48:53 IST" skipped="0">
  <testcase classname="pack.TC0013_TestNG" name="f" time="9.075"/>
  <testcase classname="pack.TC0013_TestNG" name="f" time="9.063"/>
  <testcase classname="pack.TC0013_TestNG" name="f" time="4.589"/>
</testsuite> <!-- pack.TC0013_TestNG -->
