<?xml version="1.0" encoding="UTF-8"?>
<!-- Generated by org.testng.reporters.JUnitReportReporter -->
<testsuite hostname="Abhishek_reddy" failures="0" tests="2" name="pack.Lab8" time="16.687" errors="0" timestamp="2025-08-19T17:51:47 IST" skipped="0">
  <testcase classname="pack.Lab8" name="f" time="7.893"/>
  <testcase classname="pack.Lab8" name="f" time="8.794"/>
</testsuite> <!-- pack.Lab8 -->
