<?xml version="1.0" encoding="UTF-8"?>
<!-- Generated by org.testng.reporters.JUnitReportReporter -->
<testsuite hostname="Abhishek_reddy" failures="0" tests="3" name="pack.TC0014" time="47.564" errors="0" timestamp="2025-08-20T17:23:37 IST" skipped="0">
  <testcase classname="pack.TC0014" name="f" time="15.840"/>
  <testcase classname="pack.TC0014" name="f" time="16.532"/>
  <testcase classname="pack.TC0014" name="f" time="15.192"/>
</testsuite> <!-- pack.TC0014 -->
