<?xml version="1.0" encoding="UTF-8"?>
<!-- Generated by org.testng.reporters.JUnitReportReporter -->
<testsuite hostname="Abhishek_reddy" failures="0" tests="1" name="pack.Lab8_1" time="6.223" errors="0" timestamp="2025-08-19T19:58:02 IST" skipped="0">
  <testcase classname="pack.Lab8_1" name="f" time="6.223"/>
</testsuite> <!-- pack.Lab8_1 -->
