<?xml version="1.0" encoding="UTF-8"?>
<!-- Generated by org.testng.reporters.JUnitReportReporter -->
<testsuite hostname="Abhishek_reddy" failures="0" tests="2" name="pack.TC0012_TestNG" time="18.432" errors="0" timestamp="2025-08-20T09:37:29 IST" skipped="0">
  <testcase classname="pack.TC0012_TestNG" name="f" time="11.469"/>
  <testcase classname="pack.TC0012_TestNG" name="f" time="6.963"/>
</testsuite> <!-- pack.TC0012_TestNG -->
